Arguments: 
  /usr/local/Cellar/node/9.9.0/bin/node /usr/local/bin/yarn build

PATH: 
  /usr/local/bin:/usr/bin:/bin:/usr/sbin:/sbin

Yarn version: 
  1.5.1

Node version: 
  9.9.0

Platform: 
  darwin x64

npm manifest: 
  {
    "name": "express-server",
    "version": "1.0.0",
    "description": "Inventory management and resource system",
    "main": "index.js",
    "scripts": {
      "node": "9.9.0",
      "test": "echo \"Error: no test specified\" && exit 1",
      "start": "nodemon app_hooked.js",
      "client": "npm run start --prefix react-redux-client",
      "dev": "concurrently \"npm run start\" \"npm run client\"",
      "build": "yarn scripts/build.js"
      
  
    },
    "author": "",
    "license": "ISC",
    "dependencies": {
      "babel-preset-es2015-node6": "^0.4.0",
      "babel-register": "^6.26.0",
      "body-parser": "^1.18.2",
      "concurrently": "^3.5.1",
      "cors": "^2.8.4",
      "express": "^4.16.3",
      "express-busboy": "^6.0.1",
      "mongoose": "^5.0.14",
      "morgan": "^1.9.0",
      "react-bootstrap": "^0.32.1",
      "react-redux": "^5.0.7",
      "react-router": "^3.2.1",
      "react-router-bootstrap": "^0.23.3",
      "react-router-redux": "^4.0.8",
      "redux": "^3.7.2",
      "redux-thunk": "^2.2.0",
      "source-map-support": "^0.5.4",
      "styled-components": "^3.2.6"
    },
    "devDependencies": {}
  }

yarn manifest: 
  No manifest

Lockfile: 
  No lockfile

Trace: 
  Error: Command failed.
  Exit code: 1
  Command: sh
  Arguments: -c yarn scripts/build.js
  Directory: /Users/rogermcintosh/Downloads/Inventur2
  Output:
  
      at ProcessTermError.MessageError (/usr/local/lib/node_modules/yarn/lib/cli.js:186:110)
      at new ProcessTermError (/usr/local/lib/node_modules/yarn/lib/cli.js:226:113)
      at ChildProcess.<anonymous> (/usr/local/lib/node_modules/yarn/lib/cli.js:30281:17)
      at ChildProcess.emit (events.js:180:13)
      at maybeClose (internal/child_process.js:936:16)
      at Process.ChildProcess._handle.onexit (internal/child_process.js:220:5)
